<?xml version="1.0" encoding="UTF-8"?>
<testng-results skipped="0" failed="1" ignored="8" total="13" passed="4">
  <reporter-output>
  </reporter-output>
  <suite name="Suite" duration-ms="515991" started-at="2021-04-28T13:40:29 IST" finished-at="2021-04-28T13:49:05 IST">
    <groups>
      <group name="Smoke">
        <method signature="LoginRedirectingToSignInTest.loginToSingIn()[pri:0, instance:com.eezy.logintest.LoginRedirectingToSignInTest@1efed156]" name="loginToSingIn" class="com.eezy.logintest.LoginRedirectingToSignInTest"/>
        <method signature="LoginUsingMobileNumberTest.loginUsingMobileNumber()[pri:0, instance:com.eezy.logintest.LoginUsingMobileNumberTest@3224f60b]" name="loginUsingMobileNumber" class="com.eezy.logintest.LoginUsingMobileNumberTest"/>
      </group> <!-- Smoke -->
    </groups>
    <test name="Test" duration-ms="515991" started-at="2021-04-28T13:40:29 IST" finished-at="2021-04-28T13:49:05 IST">
      <class name="com.eezy.logintest.LoginRedirectingToSignInTest">
        <test-method status="PASS" signature="beforeMethod()[pri:0, instance:com.eezy.logintest.LoginRedirectingToSignInTest@1efed156]" name="beforeMethod" is-config="true" duration-ms="20290" started-at="2021-04-28T13:46:01 IST" finished-at="2021-04-28T13:46:21 IST">
          <reporter-output>
          </reporter-output>
        </test-method> <!-- beforeMethod -->
        <test-method status="PASS" signature="loginToSingIn()[pri:0, instance:com.eezy.logintest.LoginRedirectingToSignInTest@1efed156]" name="loginToSingIn" duration-ms="6631" started-at="2021-04-28T13:46:21 IST" finished-at="2021-04-28T13:46:28 IST">
          <reporter-output>
          </reporter-output>
        </test-method> <!-- loginToSingIn -->
        <test-method status="PASS" signature="afterMethod()[pri:0, instance:com.eezy.logintest.LoginRedirectingToSignInTest@1efed156]" name="afterMethod" is-config="true" duration-ms="1047" started-at="2021-04-28T13:46:30 IST" finished-at="2021-04-28T13:46:31 IST">
          <reporter-output>
          </reporter-output>
        </test-method> <!-- afterMethod -->
      </class> <!-- com.eezy.logintest.LoginRedirectingToSignInTest -->
      <class name="com.eezy.logintest.LogOutTest">
        <test-method status="PASS" signature="beforeMethod()[pri:0, instance:com.eezy.logintest.LogOutTest@6737fd8f]" name="beforeMethod" is-config="true" duration-ms="20063" started-at="2021-04-28T13:46:31 IST" finished-at="2021-04-28T13:46:51 IST">
          <reporter-output>
          </reporter-output>
        </test-method> <!-- beforeMethod -->
        <test-method status="PASS" signature="logout()[pri:0, instance:com.eezy.logintest.LogOutTest@6737fd8f]" name="logout" duration-ms="119701" started-at="2021-04-28T13:46:51 IST" finished-at="2021-04-28T13:48:50 IST">
          <reporter-output>
          </reporter-output>
        </test-method> <!-- logout -->
        <test-method status="PASS" signature="afterMethod()[pri:0, instance:com.eezy.logintest.LogOutTest@6737fd8f]" name="afterMethod" is-config="true" duration-ms="1062" started-at="2021-04-28T13:49:04 IST" finished-at="2021-04-28T13:49:05 IST">
          <reporter-output>
          </reporter-output>
        </test-method> <!-- afterMethod -->
      </class> <!-- com.eezy.logintest.LogOutTest -->
      <class name="com.eezy.logintest.LoginTest">
        <test-method status="PASS" signature="beforeMethod()[pri:0, instance:com.eezy.logintest.LoginTest@63e2203c]" name="beforeMethod" is-config="true" duration-ms="20183" started-at="2021-04-28T13:43:59 IST" finished-at="2021-04-28T13:44:19 IST">
          <reporter-output>
          </reporter-output>
        </test-method> <!-- beforeMethod -->
        <test-method status="PASS" signature="login()[pri:0, instance:com.eezy.logintest.LoginTest@63e2203c]" name="login" duration-ms="94182" started-at="2021-04-28T13:44:19 IST" finished-at="2021-04-28T13:45:53 IST">
          <reporter-output>
          </reporter-output>
        </test-method> <!-- login -->
        <test-method status="PASS" signature="afterMethod()[pri:0, instance:com.eezy.logintest.LoginTest@63e2203c]" name="afterMethod" is-config="true" duration-ms="1075" started-at="2021-04-28T13:46:00 IST" finished-at="2021-04-28T13:46:01 IST">
          <reporter-output>
          </reporter-output>
        </test-method> <!-- afterMethod -->
      </class> <!-- com.eezy.logintest.LoginTest -->
      <class name="com.eezy.logintest.StartNewPlanTest">
        <test-method status="PASS" signature="configBS()[pri:0, instance:com.eezy.logintest.StartNewPlanTest@3b084709]" name="configBS" is-config="true" duration-ms="15717" started-at="2021-04-28T13:40:14 IST" finished-at="2021-04-28T13:40:29 IST">
          <reporter-output>
          </reporter-output>
        </test-method> <!-- configBS -->
        <test-method status="PASS" signature="beforeMethod()[pri:0, instance:com.eezy.logintest.StartNewPlanTest@3b084709]" name="beforeMethod" is-config="true" duration-ms="40458" started-at="2021-04-28T13:40:30 IST" finished-at="2021-04-28T13:41:10 IST">
          <reporter-output>
          </reporter-output>
        </test-method> <!-- beforeMethod -->
        <test-method status="PASS" signature="startNewPlan()[pri:0, instance:com.eezy.logintest.StartNewPlanTest@3b084709]" name="startNewPlan" duration-ms="105636" started-at="2021-04-28T13:41:10 IST" finished-at="2021-04-28T13:42:56 IST">
          <reporter-output>
          </reporter-output>
        </test-method> <!-- startNewPlan -->
        <test-method status="PASS" signature="afterMethod()[pri:0, instance:com.eezy.logintest.StartNewPlanTest@3b084709]" name="afterMethod" is-config="true" duration-ms="1067" started-at="2021-04-28T13:43:08 IST" finished-at="2021-04-28T13:43:10 IST">
          <reporter-output>
          </reporter-output>
        </test-method> <!-- afterMethod -->
        <test-method status="PASS" signature="configAS()[pri:0, instance:com.eezy.logintest.StartNewPlanTest@3b084709]" name="configAS" is-config="true" duration-ms="57" started-at="2021-04-28T13:49:06 IST" finished-at="2021-04-28T13:49:06 IST">
          <reporter-output>
          </reporter-output>
        </test-method> <!-- configAS -->
      </class> <!-- com.eezy.logintest.StartNewPlanTest -->
      <class name="com.eezy.logintest.LoginUsingMobileNumberTest">
        <test-method status="PASS" signature="beforeMethod()[pri:0, instance:com.eezy.logintest.LoginUsingMobileNumberTest@3224f60b]" name="beforeMethod" is-config="true" duration-ms="22665" started-at="2021-04-28T13:43:10 IST" finished-at="2021-04-28T13:43:32 IST">
          <reporter-output>
          </reporter-output>
        </test-method> <!-- beforeMethod -->
        <test-method status="FAIL" signature="loginUsingMobileNumber()[pri:0, instance:com.eezy.logintest.LoginUsingMobileNumberTest@3224f60b]" name="loginUsingMobileNumber" duration-ms="22612" started-at="2021-04-28T13:43:32 IST" finished-at="2021-04-28T13:43:55 IST">
          <exception class="org.openqa.selenium.TimeoutException">
            <message>
              <![CDATA[Expected condition failed: waiting for element to be clickable: Located by By.chained({By.id: com.eezy.ai.dev:id/searchText}) (tried for 10 second(s) with 500 milliseconds interval)]]>
            </message>
            <full-stacktrace>
              <![CDATA[org.openqa.selenium.TimeoutException: Expected condition failed: waiting for element to be clickable: Located by By.chained({By.id: com.eezy.ai.dev:id/searchText}) (tried for 10 second(s) with 500 milliseconds interval)
at org.openqa.selenium.support.ui.WebDriverWait.timeoutException(WebDriverWait.java:95)
at org.openqa.selenium.support.ui.FluentWait.until(FluentWait.java:272)
at com.eezy.generics.GenericUtil.waitToDisplay(GenericUtil.java:99)
at com.eezy.pages.SignUpForeezyPage.getSearchCountrytxb(SignUpForeezyPage.java:115)
at com.eezy.logintest.LoginUsingMobileNumberTest.loginUsingMobileNumber(LoginUsingMobileNumberTest.java:23)
at sun.reflect.NativeMethodAccessorImpl.invoke0(Native Method)
at sun.reflect.NativeMethodAccessorImpl.invoke(NativeMethodAccessorImpl.java:62)
at sun.reflect.DelegatingMethodAccessorImpl.invoke(DelegatingMethodAccessorImpl.java:43)
at java.lang.reflect.Method.invoke(Method.java:498)
at org.testng.internal.MethodInvocationHelper.invokeMethod(MethodInvocationHelper.java:132)
at org.testng.internal.TestInvoker.invokeMethod(TestInvoker.java:599)
at org.testng.internal.TestInvoker.invokeTestMethod(TestInvoker.java:174)
at org.testng.internal.MethodRunner.runInSequence(MethodRunner.java:46)
at org.testng.internal.TestInvoker$MethodInvocationAgent.invoke(TestInvoker.java:822)
at org.testng.internal.TestInvoker.invokeTestMethods(TestInvoker.java:147)
at org.testng.internal.TestMethodWorker.invokeTestMethods(TestMethodWorker.java:146)
at org.testng.internal.TestMethodWorker.run(TestMethodWorker.java:128)
at java.util.ArrayList.forEach(ArrayList.java:1257)
at org.testng.TestRunner.privateRun(TestRunner.java:764)
at org.testng.TestRunner.run(TestRunner.java:585)
at org.testng.SuiteRunner.runTest(SuiteRunner.java:384)
at org.testng.SuiteRunner.runSequentially(SuiteRunner.java:378)
at org.testng.SuiteRunner.privateRun(SuiteRunner.java:337)
at org.testng.SuiteRunner.run(SuiteRunner.java:286)
at org.testng.SuiteRunnerWorker.runSuite(SuiteRunnerWorker.java:53)
at org.testng.SuiteRunnerWorker.run(SuiteRunnerWorker.java:96)
at java.util.concurrent.ThreadPoolExecutor.runWorker(ThreadPoolExecutor.java:1149)
at java.util.concurrent.ThreadPoolExecutor$Worker.run(ThreadPoolExecutor.java:624)
at java.lang.Thread.run(Thread.java:748)
Caused by: org.openqa.selenium.NoSuchElementException: Can't locate an element by this strategy: By.chained({By.id: com.eezy.ai.dev:id/searchText})
at io.appium.java_client.pagefactory.AppiumElementLocator.findElement(AppiumElementLocator.java:126)
at io.appium.java_client.pagefactory.interceptors.InterceptorOfASingleElement.intercept(InterceptorOfASingleElement.java:59)
at io.appium.java_client.android.AndroidElement$$EnhancerByCGLIB$$b598166c.isDisplayed(<generated>)
at org.openqa.selenium.support.ui.ExpectedConditions.elementIfVisible(ExpectedConditions.java:314)
at org.openqa.selenium.support.ui.ExpectedConditions.access$000(ExpectedConditions.java:43)
at org.openqa.selenium.support.ui.ExpectedConditions$10.apply(ExpectedConditions.java:300)
at org.openqa.selenium.support.ui.ExpectedConditions$10.apply(ExpectedConditions.java:297)
at org.openqa.selenium.support.ui.ExpectedConditions$23.apply(ExpectedConditions.java:670)
at org.openqa.selenium.support.ui.ExpectedConditions$23.apply(ExpectedConditions.java:666)
at org.openqa.selenium.support.ui.FluentWait.until(FluentWait.java:249)
... 27 more
Caused by: org.openqa.selenium.TimeoutException: Expected condition failed: waiting for io.appium.java_client.pagefactory.AppiumElementLocator$WaitingFunction@584dab7f (tried for 1 second(s) with 500 milliseconds interval)
at org.openqa.selenium.support.ui.FluentWait.timeoutException(FluentWait.java:304)
at org.openqa.selenium.support.ui.FluentWait.until(FluentWait.java:272)
at io.appium.java_client.pagefactory.AppiumElementLocator.waitFor(AppiumElementLocator.java:99)
at io.appium.java_client.pagefactory.AppiumElementLocator.findElement(AppiumElementLocator.java:119)
... 36 more
Caused by: org.openqa.selenium.NoSuchElementException: Cannot locate an element using By.chained({By.id: com.eezy.ai.dev:id/searchText})
For documentation on this error, please visit: https://www.seleniumhq.org/exceptions/no_such_element.html
Build info: version: '3.141.59', revision: 'e82be7d358', time: '2018-11-14T08:17:03'
System info: host: 'DESKTOP-NVPTPKF', ip: '192.168.1.8', os.name: 'Windows 10', os.arch: 'amd64', os.version: '10.0', java.version: '1.8.0_192'
Driver info: driver.version: AndroidDriver
at io.appium.java_client.pagefactory.bys.builder.ByChained.findElement(ByChained.java:74)
at org.openqa.selenium.remote.RemoteWebDriver.findElement(RemoteWebDriver.java:315)
at io.appium.java_client.DefaultGenericMobileDriver.findElement(DefaultGenericMobileDriver.java:57)
at io.appium.java_client.AppiumDriver.findElement(AppiumDriver.java:1)
at io.appium.java_client.android.AndroidDriver.findElement(AndroidDriver.java:1)
at io.appium.java_client.pagefactory.bys.ContentMappedBy.findElement(ContentMappedBy.java:50)
at org.openqa.selenium.remote.RemoteWebDriver.findElement(RemoteWebDriver.java:315)
at io.appium.java_client.DefaultGenericMobileDriver.findElement(DefaultGenericMobileDriver.java:57)
at io.appium.java_client.AppiumDriver.findElement(AppiumDriver.java:1)
at io.appium.java_client.android.AndroidDriver.findElement(AndroidDriver.java:1)
at io.appium.java_client.pagefactory.AppiumElementLocator.lambda$0(AppiumElementLocator.java:120)
at io.appium.java_client.pagefactory.AppiumElementLocator$WaitingFunction.apply(AppiumElementLocator.java:172)
at io.appium.java_client.pagefactory.AppiumElementLocator$WaitingFunction.apply(AppiumElementLocator.java:1)
at org.openqa.selenium.support.ui.FluentWait.until(FluentWait.java:249)
... 38 more
]]>
            </full-stacktrace>
          </exception> <!-- org.openqa.selenium.TimeoutException -->
          <reporter-output>
          </reporter-output>
        </test-method> <!-- loginUsingMobileNumber -->
        <test-method status="PASS" signature="afterMethod()[pri:0, instance:com.eezy.logintest.LoginUsingMobileNumberTest@3224f60b]" name="afterMethod" is-config="true" duration-ms="1011" started-at="2021-04-28T13:43:58 IST" finished-at="2021-04-28T13:43:59 IST">
          <reporter-output>
          </reporter-output>
        </test-method> <!-- afterMethod -->
      </class> <!-- com.eezy.logintest.LoginUsingMobileNumberTest -->
    </test> <!-- Test -->
  </suite> <!-- Suite -->
</testng-results>
